<?xml version="1.0" encoding="UTF-8"?>
<testsuite name="com.crud.tasks.TasksApplicationTests" tests="1" skipped="0" failures="0" errors="0" timestamp="2018-04-21T15:28:10" hostname="DESKTOP-B48HBRR" time="0.042">
  <properties/>
  <testcase name="contextLoads" classname="com.crud.tasks.TasksApplicationTests" time="0.042"/>
  <system-out><![CDATA[16:28:03.478 [Test worker] DEBUG org.springframework.test.context.junit4.SpringJUnit4ClassRunner - SpringJUnit4ClassRunner constructor called with [class com.crud.tasks.TasksApplicationTests]
16:28:03.493 [Test worker] DEBUG org.springframework.test.context.BootstrapUtils - Instantiating CacheAwareContextLoaderDelegate from class [org.springframework.test.context.cache.DefaultCacheAwareContextLoaderDelegate]
16:28:03.509 [Test worker] DEBUG org.springframework.test.context.BootstrapUtils - Instantiating BootstrapContext using constructor [public org.springframework.test.context.support.DefaultBootstrapContext(java.lang.Class,org.springframework.test.context.CacheAwareContextLoaderDelegate)]
16:28:03.525 [Test worker] DEBUG org.springframework.test.context.BootstrapUtils - Instantiating TestContextBootstrapper for test class [com.crud.tasks.TasksApplicationTests] from class [org.springframework.boot.test.context.SpringBootTestContextBootstrapper]
16:28:03.525 [Test worker] INFO org.springframework.boot.test.context.SpringBootTestContextBootstrapper - Neither @ContextConfiguration nor @ContextHierarchy found for test class [com.crud.tasks.TasksApplicationTests], using SpringBootContextLoader
16:28:03.540 [Test worker] DEBUG org.springframework.test.context.support.AbstractContextLoader - Did not detect default resource location for test class [com.crud.tasks.TasksApplicationTests]: class path resource [com/crud/tasks/TasksApplicationTests-context.xml] does not exist
16:28:03.540 [Test worker] DEBUG org.springframework.test.context.support.AbstractContextLoader - Did not detect default resource location for test class [com.crud.tasks.TasksApplicationTests]: class path resource [com/crud/tasks/TasksApplicationTestsContext.groovy] does not exist
16:28:03.540 [Test worker] INFO org.springframework.test.context.support.AbstractContextLoader - Could not detect default resource locations for test class [com.crud.tasks.TasksApplicationTests]: no resource found for suffixes {-context.xml, Context.groovy}.
16:28:03.540 [Test worker] INFO org.springframework.test.context.support.AnnotationConfigContextLoaderUtils - Could not detect default configuration classes for test class [com.crud.tasks.TasksApplicationTests]: TasksApplicationTests does not declare any static, non-private, non-final, nested classes annotated with @Configuration.
16:28:03.603 [Test worker] DEBUG org.springframework.test.context.support.ActiveProfilesUtils - Could not find an 'annotation declaring class' for annotation type [org.springframework.test.context.ActiveProfiles] and class [com.crud.tasks.TasksApplicationTests]
16:28:03.618 [Test worker] DEBUG org.springframework.core.env.StandardEnvironment - Adding PropertySource 'systemProperties' with lowest search precedence
16:28:03.618 [Test worker] DEBUG org.springframework.core.env.StandardEnvironment - Adding PropertySource 'systemEnvironment' with lowest search precedence
16:28:03.618 [Test worker] DEBUG org.springframework.core.env.StandardEnvironment - Initialized StandardEnvironment with PropertySources [MapPropertySource@2012321110 {name='systemProperties', properties={java.runtime.name=Java(TM) SE Runtime Environment, sun.boot.library.path=C:\Program Files\Java\jdk1.8.0_151\jre\bin, java.vm.version=25.151-b12, java.vm.vendor=Oracle Corporation, java.vendor.url=http://java.oracle.com/, path.separator=;, java.vm.name=Java HotSpot(TM) 64-Bit Server VM, file.encoding.pkg=sun.io, user.script=, sun.java.launcher=SUN_STANDARD, user.country=GB, sun.os.patch.level=, java.vm.specification.name=Java Virtual Machine Specification, user.dir=D:\programowanie\tasks, java.runtime.version=1.8.0_151-b12, java.awt.graphicsenv=sun.awt.Win32GraphicsEnvironment, java.endorsed.dirs=C:\Program Files\Java\jdk1.8.0_151\jre\lib\endorsed, os.arch=amd64, java.io.tmpdir=C:\Users\HOMELA~1\AppData\Local\Temp\, line.separator=
, java.vm.specification.vendor=Oracle Corporation, user.variant=, os.name=Windows 10, sun.jnu.encoding=Cp1252, java.library.path=C:\Program Files\Java\jdk1.8.0_151\bin;C:\WINDOWS\Sun\Java\bin;C:\WINDOWS\system32;C:\WINDOWS;C:\Program Files\Git\mingw64\bin;C:\Program Files\Git\usr\bin;C:\Users\HomeLaptop\bin;C:\Program Files\Java\jdk1.8.0_151\bin;C:\ProgramData\Oracle\Java\javapath;C:\Program Files (x86)\Intel\iCLS Client;C:\Program Files\Intel\iCLS Client;C:\WINDOWS\system32;C:\WINDOWS;C:\WINDOWS\System32\Wbem;C:\WINDOWS\System32\WindowsPowerShell\v1.0;C:\Program Files (x86)\Intel\Intel(R) Management Engine Components\DAL;C:\Program Files\Intel\Intel(R) Management Engine Components\DAL;C:\Program Files (x86)\Intel\Intel(R) Management Engine Components\IPT;C:\Program Files\Intel\Intel(R) Management Engine Components\IPT;C:\Program Files\Git\cmd;C:\Program Files\Git\mingw64\bin;C:\Program Files\Git\usr\bin;C:\gradle-4.3.1\bin;C:\Program Files\MySQL\MySQL Utilities 1.6;C:\Users\HomeLaptop\AppData\Local\Microsoft\WindowsApps;C:\Users\HomeLaptop\AppData\Local\atom\bin;C:\Users\HomeLaptop\AppData\Local\Microsoft\WindowsApps;C:\Program Files\Heroku\bin;., java.specification.name=Java Platform API Specification, java.class.version=52.0, org.gradle.native=false, sun.management.compiler=HotSpot 64-Bit Tiered Compilers, os.version=10.0, user.home=C:\Users\HomeLaptop, user.timezone=Europe/London, java.awt.printerjob=sun.awt.windows.WPrinterJob, file.encoding=windows-1252, java.specification.version=1.8, java.class.path=D:\programowanie\tasks\build\classes\java\test;D:\programowanie\tasks\build\resources\test;D:\programowanie\tasks\build\classes\java\main;D:\programowanie\tasks\build\resources\main;C:\Users\HomeLaptop\.gradle\caches\modules-2\files-2.1\org.springframework.boot\spring-boot-starter-web\1.5.10.RELEASE\8bc445f3ee81e5322e46b28cbb33bca1800b69d9\spring-boot-starter-web-1.5.10.RELEASE.jar;C:\Users\HomeLaptop\.gradle\caches\modules-2\files-2.1\org.projectlombok\lombok\1.16.20\ac76d9b956045631d1561a09289cbf472e077c01\lombok-1.16.20.jar;C:\Users\HomeLaptop\.gradle\caches\modules-2\files-2.1\org.springframework.boot\spring-boot-starter-data-jpa\1.5.10.RELEASE\ca30f9060231d3161d325580098d326754a2f4e1\spring-boot-starter-data-jpa-1.5.10.RELEASE.jar;C:\Users\HomeLaptop\.gradle\caches\modules-2\files-2.1\mysql\mysql-connector-java\5.1.45\ee64ec436a87c35362176ea300d69c912d1cbeac\mysql-connector-java-5.1.45.jar;C:\Users\HomeLaptop\.gradle\caches\modules-2\files-2.1\org.springframework.boot\spring-boot-starter-test\1.5.10.RELEASE\d4e1be51061d71b55f4bd4458d8437d1b943a70\spring-boot-starter-test-1.5.10.RELEASE.jar;C:\Users\HomeLaptop\.gradle\caches\modules-2\files-2.1\org.springframework.boot\spring-boot-starter-aop\1.5.10.RELEASE\2e58fd451d9e89a539a2c15efc5089d81dd7a686\spring-boot-starter-aop-1.5.10.RELEASE.jar;C:\Users\HomeLaptop\.gradle\caches\modules-2\files-2.1\org.springframework.boot\spring-boot-starter-jdbc\1.5.10.RELEASE\f78396b57f70a0ca8422bcbe8959aa49baf49023\spring-boot-starter-jdbc-1.5.10.RELEASE.jar;C:\Users\HomeLaptop\.gradle\caches\modules-2\files-2.1\org.springframework.boot\spring-boot-starter\1.5.10.RELEASE\d935ac98f84c1d97d7ccd702d21abdc236fa7aa0\spring-boot-starter-1.5.10.RELEASE.jar;C:\Users\HomeLaptop\.gradle\caches\modules-2\files-2.1\org.springframework.boot\spring-boot-starter-tomcat\1.5.10.RELEASE\11e474e265f1c68fc435dddbac42ab3574b5e4b6\spring-boot-starter-tomcat-1.5.10.RELEASE.jar;C:\Users\HomeLaptop\.gradle\caches\modules-2\files-2.1\org.hibernate\hibernate-validator\5.3.6.Final\4c730be8bf55a8e9a61e79a2f2c079abf48b718\hibernate-validator-5.3.6.Final.jar;C:\Users\HomeLaptop\.gradle\caches\modules-2\files-2.1\com.fasterxml.jackson.core\jackson-databind\2.8.10\f7b83cb2bc4b88d53961e749e1ad32f49ef017b7\jackson-databind-2.8.10.jar;C:\Users\HomeLaptop\.gradle\caches\modules-2\files-2.1\org.springframework\spring-webmvc\4.3.14.RELEASE\1571eab8a807005d424ca16fedd54b1f439787b2\spring-webmvc-4.3.14.RELEASE.jar;C:\Users\HomeLaptop\.gradle\caches\modules-2\files-2.1\org.springframework\spring-web\4.3.14.RELEASE\a0c3bf3ad661db185675bd5af350f35ed11f0903\spring-web-4.3.14.RELEASE.jar;C:\Users\HomeLaptop\.gradle\caches\modules-2\files-2.1\org.hibernate\hibernate-entitymanager\5.0.12.Final\302a526f5058290e9cbd719a5caf9f248d344719\hibernate-entitymanager-5.0.12.Final.jar;C:\Users\HomeLaptop\.gradle\caches\modules-2\files-2.1\org.hibernate\hibernate-core\5.0.12.Final\e58bf1c660e6706d8e2cbb53bae110f574366102\hibernate-core-5.0.12.Final.jar;C:\Users\HomeLaptop\.gradle\caches\modules-2\files-2.1\javax.transaction\javax.transaction-api\1.2\d81aff979d603edd90dcd8db2abc1f4ce6479e3e\javax.transaction-api-1.2.jar;C:\Users\HomeLaptop\.gradle\caches\modules-2\files-2.1\org.springframework.data\spring-data-jpa\1.11.10.RELEASE\82ec646adc5d33b7b1d8f52e90c0ea030f0888ca\spring-data-jpa-1.11.10.RELEASE.jar;C:\Users\HomeLaptop\.gradle\caches\modules-2\files-2.1\org.springframework\spring-aspects\4.3.14.RELEASE\e2d10895e7142dd4c5e979407fe4539146429618\spring-aspects-4.3.14.RELEASE.jar;C:\Users\HomeLaptop\.gradle\caches\modules-2\files-2.1\org.springframework.boot\spring-boot-test-autoconfigure\1.5.10.RELEASE\55242f7c194fb141de8460a92e92b716469fc3a8\spring-boot-test-autoconfigure-1.5.10.RELEASE.jar;C:\Users\HomeLaptop\.gradle\caches\modules-2\files-2.1\org.springframework.boot\spring-boot-test\1.5.10.RELEASE\b7f28e8896906f0bbbb951727a7c5581c562d1c9\spring-boot-test-1.5.10.RELEASE.jar;C:\Users\HomeLaptop\.gradle\caches\modules-2\files-2.1\com.jayway.jsonpath\json-path\2.2.0\22290d17944bd239fabf5ac69005a60a7ecbbbcb\json-path-2.2.0.jar;C:\Users\HomeLaptop\.gradle\caches\modules-2\files-2.1\junit\junit\4.12\2973d150c0dc1fefe998f834810d68f278ea58ec\junit-4.12.jar;C:\Users\HomeLaptop\.gradle\caches\modules-2\files-2.1\org.assertj\assertj-core\2.6.0\b532c3fc4f66bcfee4989a3514f1cd56203a33ad\assertj-core-2.6.0.jar;C:\Users\HomeLaptop\.gradle\caches\modules-2\files-2.1\org.mockito\mockito-core\1.10.19\e8546f5bef4e061d8dd73895b4e8f40e3fe6effe\mockito-core-1.10.19.jar;C:\Users\HomeLaptop\.gradle\caches\modules-2\files-2.1\org.hamcrest\hamcrest-library\1.3\4785a3c21320980282f9f33d0d1264a69040538f\hamcrest-library-1.3.jar;C:\Users\HomeLaptop\.gradle\caches\modules-2\files-2.1\org.hamcrest\hamcrest-core\1.3\42a25dc3219429f0e5d060061f71acb49bf010a0\hamcrest-core-1.3.jar;C:\Users\HomeLaptop\.gradle\caches\modules-2\files-2.1\org.skyscreamer\jsonassert\1.4.0\9cdbb373a06f6513e51e8c545ee6a5e981463edb\jsonassert-1.4.0.jar;C:\Users\HomeLaptop\.gradle\caches\modules-2\files-2.1\org.springframework\spring-test\4.3.14.RELEASE\1a7f6f51a263a3e09e94403653348b3864412c53\spring-test-4.3.14.RELEASE.jar;C:\Users\HomeLaptop\.gradle\caches\modules-2\files-2.1\org.springframework.boot\spring-boot-autoconfigure\1.5.10.RELEASE\be96efab0d35181f18c486b0ec8d6a41a7042fce\spring-boot-autoconfigure-1.5.10.RELEASE.jar;C:\Users\HomeLaptop\.gradle\caches\modules-2\files-2.1\org.springframework.boot\spring-boot\1.5.10.RELEASE\594b3efa04829f62754a19f59f81ba204636167a\spring-boot-1.5.10.RELEASE.jar;C:\Users\HomeLaptop\.gradle\caches\modules-2\files-2.1\org.springframework\spring-context\4.3.14.RELEASE\e50a712960926c30e537ef4a633f5d9dd5a8b155\spring-context-4.3.14.RELEASE.jar;C:\Users\HomeLaptop\.gradle\caches\modules-2\files-2.1\org.springframework\spring-expression\4.3.14.RELEASE\58477b44debcb49b09e962e3047ee74c2c033e89\spring-expression-4.3.14.RELEASE.jar;C:\Users\HomeLaptop\.gradle\caches\modules-2\files-2.1\org.springframework\spring-orm\4.3.14.RELEASE\721bc451d02070954ebee039d419b410c4697fcb\spring-orm-4.3.14.RELEASE.jar;C:\Users\HomeLaptop\.gradle\caches\modules-2\files-2.1\org.springframework\spring-jdbc\4.3.14.RELEASE\1b1b9045d9ec1e067d99bf158210e9e7cf2ebfd2\spring-jdbc-4.3.14.RELEASE.jar;C:\Users\HomeLaptop\.gradle\caches\modules-2\files-2.1\org.springframework.data\spring-data-commons\1.13.10.RELEASE\b732245a0902b561b0c33e54cd0f382e9ac444ed\spring-data-commons-1.13.10.RELEASE.jar;C:\Users\HomeLaptop\.gradle\caches\modules-2\files-2.1\org.springframework\spring-tx\4.3.14.RELEASE\1c9449fcb805837db3c706eab4c729f89688a267\spring-tx-4.3.14.RELEASE.jar;C:\Users\HomeLaptop\.gradle\caches\modules-2\files-2.1\org.springframework\spring-aop\4.3.14.RELEASE\dfe55b0592aead8e3eb0e6a4e98db433b9e09bd7\spring-aop-4.3.14.RELEASE.jar;C:\Users\HomeLaptop\.gradle\caches\modules-2\files-2.1\org.springframework\spring-beans\4.3.14.RELEASE\7bcd17a68dd64e9447d7bff2c42ba7417678596e\spring-beans-4.3.14.RELEASE.jar;C:\Users\HomeLaptop\.gradle\caches\modules-2\files-2.1\org.springframework\spring-core\4.3.14.RELEASE\c70ddb6204457a802d1f6882d65bca3e5b3c41df\spring-core-4.3.14.RELEASE.jar;C:\Users\HomeLaptop\.gradle\caches\modules-2\files-2.1\org.springframework.boot\spring-boot-starter-logging\1.5.10.RELEASE\62c73688208b3173645d6701fc3eb95ca657e6c8\spring-boot-starter-logging-1.5.10.RELEASE.jar;C:\Users\HomeLaptop\.gradle\caches\modules-2\files-2.1\org.yaml\snakeyaml\1.17\7a27ea250c5130b2922b86dea63cbb1cc10a660c\snakeyaml-1.17.jar;C:\Users\HomeLaptop\.gradle\caches\modules-2\files-2.1\org.apache.tomcat.embed\tomcat-embed-websocket\8.5.27\3cba1c5187a17b0233de5712024d6e144036ba9a\tomcat-embed-websocket-8.5.27.jar;C:\Users\HomeLaptop\.gradle\caches\modules-2\files-2.1\org.apache.tomcat.embed\tomcat-embed-core\8.5.27\a10612f0af27c7bfcc4e8d88393adad1fc5b4ece\tomcat-embed-core-8.5.27.jar;C:\Users\HomeLaptop\.gradle\caches\modules-2\files-2.1\org.apache.tomcat.embed\tomcat-embed-el\8.5.27\5a591bcf5c930d2b37bb40c0f95180604a3b1a57\tomcat-embed-el-8.5.27.jar;C:\Users\HomeLaptop\.gradle\caches\modules-2\files-2.1\javax.validation\validation-api\1.1.0.Final\8613ae82954779d518631e05daa73a6a954817d5\validation-api-1.1.0.Final.jar;C:\Users\HomeLaptop\.gradle\caches\modules-2\files-2.1\org.hibernate.common\hibernate-commons-annotations\5.0.1.Final\71e1cff3fcb20d3b3af4f3363c3ddb24d33c6879\hibernate-commons-annotations-5.0.1.Final.jar;C:\Users\HomeLaptop\.gradle\caches\modules-2\files-2.1\org.jboss.logging\jboss-logging\3.3.1.Final\c46217ab74b532568c0ed31dc599db3048bd1b67\jboss-logging-3.3.1.Final.jar;C:\Users\HomeLaptop\.gradle\caches\modules-2\files-2.1\com.fasterxml\classmate\1.3.4\3d5f48f10bbe4eb7bd862f10c0583be2e0053c6\classmate-1.3.4.jar;C:\Users\HomeLaptop\.gradle\caches\modules-2\files-2.1\com.fasterxml.jackson.core\jackson-annotations\2.8.0\45b426f7796b741035581a176744d91090e2e6fb\jackson-annotations-2.8.0.jar;C:\Users\HomeLaptop\.gradle\caches\modules-2\files-2.1\com.fasterxml.jackson.core\jackson-core\2.8.10\eb21a035c66ad307e66ec8fce37f5d50fd62d039\jackson-core-2.8.10.jar;C:\Users\HomeLaptop\.gradle\caches\modules-2\files-2.1\org.aspectj\aspectjweaver\1.8.13\ad94df2a28d658a40dc27bbaff6a1ce5fbf04e9b\aspectjweaver-1.8.13.jar;C:\Users\HomeLaptop\.gradle\caches\modules-2\files-2.1\org.apache.tomcat\tomcat-jdbc\8.5.27\f37dfae9e9afb6b2742e04a401e32264c5fec0ec\tomcat-jdbc-8.5.27.jar;C:\Users\HomeLaptop\.gradle\caches\modules-2\files-2.1\org.hibernate.javax.persistence\hibernate-jpa-2.1-api\1.0.0.Final\5e731d961297e5a07290bfaf3db1fbc8bbbf405a\hibernate-jpa-2.1-api-1.0.0.Final.jar;C:\Users\HomeLaptop\.gradle\caches\modules-2\files-2.1\org.javassist\javassist\3.21.0-GA\598244f595db5c5fb713731eddbb1c91a58d959b\javassist-3.21.0-GA.jar;C:\Users\HomeLaptop\.gradle\caches\modules-2\files-2.1\antlr\antlr\2.7.7\83cd2cd674a217ade95a4bb83a8a14f351f48bd0\antlr-2.7.7.jar;C:\Users\HomeLaptop\.gradle\caches\modules-2\files-2.1\org.jboss\jandex\2.0.0.Final\3e899258936f94649c777193e1be846387ed54b3\jandex-2.0.0.Final.jar;C:\Users\HomeLaptop\.gradle\caches\modules-2\files-2.1\dom4j\dom4j\1.6.1\5d3ccc056b6f056dbf0dddfdf43894b9065a8f94\dom4j-1.6.1.jar;C:\Users\HomeLaptop\.gradle\caches\modules-2\files-2.1\org.slf4j\jcl-over-slf4j\1.7.25\f8c32b13ff142a513eeb5b6330b1588dcb2c0461\jcl-over-slf4j-1.7.25.jar;C:\Users\HomeLaptop\.gradle\caches\modules-2\files-2.1\ch.qos.logback\logback-classic\1.1.11\ccedfbacef4a6515d2983e3f89ed753d5d4fb665\logback-classic-1.1.11.jar;C:\Users\HomeLaptop\.gradle\caches\modules-2\files-2.1\org.slf4j\jul-to-slf4j\1.7.25\af5364cd6679bfffb114f0dec8a157aaa283b76\jul-to-slf4j-1.7.25.jar;C:\Users\HomeLaptop\.gradle\caches\modules-2\files-2.1\org.slf4j\log4j-over-slf4j\1.7.25\a87bb47468f47ee7aabbd54f93e133d4215769c3\log4j-over-slf4j-1.7.25.jar;C:\Users\HomeLaptop\.gradle\caches\modules-2\files-2.1\org.slf4j\slf4j-api\1.7.25\da76ca59f6a57ee3102f8f9bd9cee742973efa8a\slf4j-api-1.7.25.jar;C:\Users\HomeLaptop\.gradle\caches\modules-2\files-2.1\net.minidev\json-smart\2.2.1\5b9e5df7a62d1279b70dc882b041d249c4f0b002\json-smart-2.2.1.jar;C:\Users\HomeLaptop\.gradle\caches\modules-2\files-2.1\org.objenesis\objenesis\2.1\87c0ea803b69252868d09308b4618f766f135a96\objenesis-2.1.jar;C:\Users\HomeLaptop\.gradle\caches\modules-2\files-2.1\com.vaadin.external.google\android-json\0.0.20131108.vaadin1\fa26d351fe62a6a17f5cda1287c1c6110dec413f\android-json-0.0.20131108.vaadin1.jar;C:\Users\HomeLaptop\.gradle\caches\modules-2\files-2.1\org.apache.tomcat\tomcat-annotations-api\8.5.27\122c0a4acaba72bf4590e83c9fbcb3475c46edc5\tomcat-annotations-api-8.5.27.jar;C:\Users\HomeLaptop\.gradle\caches\modules-2\files-2.1\org.apache.tomcat\tomcat-juli\8.5.27\583a08f2f59c6abdd86833b572b9a2f55e61a0f2\tomcat-juli-8.5.27.jar;C:\Users\HomeLaptop\.gradle\caches\modules-2\files-2.1\net.minidev\accessors-smart\1.1\a527213f2fea112a04c9bdf0ec0264e34104cd08\accessors-smart-1.1.jar;C:\Users\HomeLaptop\.gradle\caches\modules-2\files-2.1\ch.qos.logback\logback-core\1.1.11\88b8df40340eed549fb07e2613879bf6b006704d\logback-core-1.1.11.jar;C:\Users\HomeLaptop\.gradle\caches\modules-2\files-2.1\org.ow2.asm\asm\5.0.3\dcc2193db20e19e1feca8b1240dbbc4e190824fa\asm-5.0.3.jar, user.name=HomeLaptop, java.vm.specification.version=1.8, sun.java.command=worker.org.gradle.process.internal.worker.GradleWorkerMain 'Gradle Test Executor 2', java.home=C:\Program Files\Java\jdk1.8.0_151\jre, sun.arch.data.model=64, user.language=en, java.specification.vendor=Oracle Corporation, awt.toolkit=sun.awt.windows.WToolkit, java.vm.info=mixed mode, java.version=1.8.0_151, java.ext.dirs=C:\Program Files\Java\jdk1.8.0_151\jre\lib\ext;C:\WINDOWS\Sun\Java\lib\ext, sun.boot.class.path=C:\Program Files\Java\jdk1.8.0_151\jre\lib\resources.jar;C:\Program Files\Java\jdk1.8.0_151\jre\lib\rt.jar;C:\Program Files\Java\jdk1.8.0_151\jre\lib\sunrsasign.jar;C:\Program Files\Java\jdk1.8.0_151\jre\lib\jsse.jar;C:\Program Files\Java\jdk1.8.0_151\jre\lib\jce.jar;C:\Program Files\Java\jdk1.8.0_151\jre\lib\charsets.jar;C:\Program Files\Java\jdk1.8.0_151\jre\lib\jfr.jar;C:\Program Files\Java\jdk1.8.0_151\jre\classes, java.vendor=Oracle Corporation, org.gradle.test.worker=2, file.separator=\, java.vendor.url.bug=http://bugreport.sun.com/bugreport/, sun.io.unicode.encoding=UnicodeLittle, sun.cpu.endian=little, sun.desktop=windows, sun.cpu.isalist=amd64}}, SystemEnvironmentPropertySource@1723994334 {name='systemEnvironment', properties={PATH=C:\Program Files\Git\mingw64\bin;C:\Program Files\Git\usr\bin;C:\Users\HomeLaptop\bin;C:\Program Files\Java\jdk1.8.0_151\bin;C:\ProgramData\Oracle\Java\javapath;C:\Program Files (x86)\Intel\iCLS Client;C:\Program Files\Intel\iCLS Client;C:\WINDOWS\system32;C:\WINDOWS;C:\WINDOWS\System32\Wbem;C:\WINDOWS\System32\WindowsPowerShell\v1.0;C:\Program Files (x86)\Intel\Intel(R) Management Engine Components\DAL;C:\Program Files\Intel\Intel(R) Management Engine Components\DAL;C:\Program Files (x86)\Intel\Intel(R) Management Engine Components\IPT;C:\Program Files\Intel\Intel(R) Management Engine Components\IPT;C:\Program Files\Git\cmd;C:\Program Files\Git\mingw64\bin;C:\Program Files\Git\usr\bin;C:\gradle-4.3.1\bin;C:\Program Files\MySQL\MySQL Utilities 1.6;C:\Users\HomeLaptop\AppData\Local\Microsoft\WindowsApps;C:\Users\HomeLaptop\AppData\Local\atom\bin;C:\Users\HomeLaptop\AppData\Local\Microsoft\WindowsApps;C:\Program Files\Heroku\bin, USERDOMAIN_ROAMINGPROFILE=DESKTOP-B48HBRR, LOCALAPPDATA=C:\Users\HomeLaptop\AppData\Local, PROCESSOR_LEVEL=6, SYSTEMDRIVE=C:, USERDOMAIN=DESKTOP-B48HBRR, LOGONSERVER=\\DESKTOP-B48HBRR, JAVA_HOME=C:\Program Files\Java\jdk1.8.0_151, PLINK_PROTOCOL=ssh, SESSIONNAME=Console, ALLUSERSPROFILE=C:\ProgramData, TERM=cygwin, PROCESSOR_ARCHITECTURE=AMD64, PSModulePath=C:\WINDOWS\system32\WindowsPowerShell\v1.0\Modules\, MSYSTEM=MINGW64, OneDrive=C:\Users\HomeLaptop\OneDrive, PROGRAMFILES=C:\Program Files, APPDATA=C:\Users\HomeLaptop\AppData\Roaming, SYSTEMROOT=C:\WINDOWS, USERNAME=HomeLaptop, PWD=D:/programowanie/tasks, ProgramFiles(x86)=C:\Program Files (x86), PATHEXT=.COM;.EXE;.BAT;.CMD;.VBS;.VBE;.JS;.JSE;.WSF;.WSH;.MSC, OS=Windows_NT, COMPUTERNAME=DESKTOP-B48HBRR, COMMONPROGRAMFILES=C:\Program Files\Common Files, COMSPEC=C:\WINDOWS\system32\cmd.exe, CATALINA_HOME=C:\tomcat\apache-tomcat-9.0.5, OLDPWD=C:/gradle-4.3.1, PROCESSOR_REVISION=3a09, CommonProgramW6432=C:\Program Files\Common Files, WINDIR=C:\WINDOWS, ProgramData=C:\ProgramData, ProgramW6432=C:\Program Files, HOMEPATH=\Users\HomeLaptop, TEMP=C:\Users\HOMELA~1\AppData\Local\Temp, HOMEDRIVE=C:, PROCESSOR_IDENTIFIER=Intel64 Family 6 Model 58 Stepping 9, GenuineIntel, USERPROFILE=C:\Users\HomeLaptop, TMP=C:\Users\HOMELA~1\AppData\Local\Temp, CommonProgramFiles(x86)=C:\Program Files (x86)\Common Files, PUBLIC=C:\Users\Public, NUMBER_OF_PROCESSORS=4, =::=::\, EXEPATH=C:\Program Files\Git\bin, HOME=C:\Users\HomeLaptop, SHLVL=1}}]
16:28:03.634 [Test worker] DEBUG org.springframework.core.io.support.PathMatchingResourcePatternResolver - Resolved classpath location [com/crud/tasks/] to resources [URL [file:/D:/programowanie/tasks/build/classes/java/test/com/crud/tasks/], URL [file:/D:/programowanie/tasks/build/classes/java/main/com/crud/tasks/]]
16:28:03.634 [Test worker] DEBUG org.springframework.core.io.support.PathMatchingResourcePatternResolver - Looking for matching resources in directory tree [D:\programowanie\tasks\build\classes\java\test\com\crud\tasks]
16:28:03.634 [Test worker] DEBUG org.springframework.core.io.support.PathMatchingResourcePatternResolver - Searching directory [D:\programowanie\tasks\build\classes\java\test\com\crud\tasks] for files matching pattern [D:/programowanie/tasks/build/classes/java/test/com/crud/tasks/*.class]
16:28:03.634 [Test worker] DEBUG org.springframework.core.io.support.PathMatchingResourcePatternResolver - Looking for matching resources in directory tree [D:\programowanie\tasks\build\classes\java\main\com\crud\tasks]
16:28:03.634 [Test worker] DEBUG org.springframework.core.io.support.PathMatchingResourcePatternResolver - Searching directory [D:\programowanie\tasks\build\classes\java\main\com\crud\tasks] for files matching pattern [D:/programowanie/tasks/build/classes/java/main/com/crud/tasks/*.class]
16:28:03.634 [Test worker] DEBUG org.springframework.core.io.support.PathMatchingResourcePatternResolver - Resolved location pattern [classpath*:com/crud/tasks/*.class] to resources [file [D:\programowanie\tasks\build\classes\java\test\com\crud\tasks\TasksApplicationTests.class], file [D:\programowanie\tasks\build\classes\java\main\com\crud\tasks\TasksApplication.class]]
16:28:03.697 [Test worker] DEBUG org.springframework.context.annotation.ClassPathScanningCandidateComponentProvider - Identified candidate component class: file [D:\programowanie\tasks\build\classes\java\main\com\crud\tasks\TasksApplication.class]
16:28:03.697 [Test worker] INFO org.springframework.boot.test.context.SpringBootTestContextBootstrapper - Found @SpringBootConfiguration com.crud.tasks.TasksApplication for test class com.crud.tasks.TasksApplicationTests
16:28:03.697 [Test worker] DEBUG org.springframework.boot.test.context.SpringBootTestContextBootstrapper - @TestExecutionListeners is not present for class [com.crud.tasks.TasksApplicationTests]: using defaults.
16:28:03.712 [Test worker] INFO org.springframework.boot.test.context.SpringBootTestContextBootstrapper - Loaded default TestExecutionListener class names from location [META-INF/spring.factories]: [org.springframework.boot.test.autoconfigure.restdocs.RestDocsTestExecutionListener, org.springframework.boot.test.autoconfigure.web.client.MockRestServiceServerResetTestExecutionListener, org.springframework.boot.test.autoconfigure.web.servlet.MockMvcPrintOnlyOnFailureTestExecutionListener, org.springframework.boot.test.autoconfigure.web.servlet.WebDriverTestExecutionListener, org.springframework.boot.test.mock.mockito.MockitoTestExecutionListener, org.springframework.boot.test.mock.mockito.ResetMocksTestExecutionListener, org.springframework.test.context.web.ServletTestExecutionListener, org.springframework.test.context.support.DirtiesContextBeforeModesTestExecutionListener, org.springframework.test.context.support.DependencyInjectionTestExecutionListener, org.springframework.test.context.support.DirtiesContextTestExecutionListener, org.springframework.test.context.transaction.TransactionalTestExecutionListener, org.springframework.test.context.jdbc.SqlScriptsTestExecutionListener]
16:28:03.728 [Test worker] INFO org.springframework.boot.test.context.SpringBootTestContextBootstrapper - Using TestExecutionListeners: [org.springframework.test.context.web.ServletTestExecutionListener@4527c0ae, org.springframework.test.context.support.DirtiesContextBeforeModesTestExecutionListener@324f0da4, org.springframework.boot.test.autoconfigure.SpringBootDependencyInjectionTestExecutionListener@3ca372e4, org.springframework.test.context.support.DirtiesContextTestExecutionListener@2cc5b21c, org.springframework.test.context.transaction.TransactionalTestExecutionListener@571c259a, org.springframework.test.context.jdbc.SqlScriptsTestExecutionListener@1d7430f0, org.springframework.boot.test.autoconfigure.restdocs.RestDocsTestExecutionListener@3ae745e8, org.springframework.boot.test.autoconfigure.web.client.MockRestServiceServerResetTestExecutionListener@3bb345fa, org.springframework.boot.test.autoconfigure.web.servlet.MockMvcPrintOnlyOnFailureTestExecutionListener@db587e3, org.springframework.boot.test.autoconfigure.web.servlet.WebDriverTestExecutionListener@317ac515, org.springframework.boot.test.mock.mockito.MockitoTestExecutionListener@31b20ed7, org.springframework.boot.test.mock.mockito.ResetMocksTestExecutionListener@108f018e]
16:28:03.728 [Test worker] DEBUG org.springframework.test.annotation.ProfileValueUtils - Retrieved @ProfileValueSourceConfiguration [null] for test class [com.crud.tasks.TasksApplicationTests]
16:28:03.743 [Test worker] DEBUG org.springframework.test.annotation.ProfileValueUtils - Retrieved ProfileValueSource type [class org.springframework.test.annotation.SystemProfileValueSource] for class [com.crud.tasks.TasksApplicationTests]
16:28:03.743 [Test worker] DEBUG org.springframework.test.annotation.ProfileValueUtils - Retrieved @ProfileValueSourceConfiguration [null] for test class [com.crud.tasks.TasksApplicationTests]
16:28:03.743 [Test worker] DEBUG org.springframework.test.annotation.ProfileValueUtils - Retrieved ProfileValueSource type [class org.springframework.test.annotation.SystemProfileValueSource] for class [com.crud.tasks.TasksApplicationTests]
16:28:03.743 [Test worker] DEBUG org.springframework.test.context.support.AbstractDirtiesContextTestExecutionListener - Before test class: context [DefaultTestContext@6050bf36 testClass = TasksApplicationTests, testInstance = [null], testMethod = [null], testException = [null], mergedContextConfiguration = [WebMergedContextConfiguration@4f469559 testClass = TasksApplicationTests, locations = '{}', classes = '{class com.crud.tasks.TasksApplication}', contextInitializerClasses = '[]', activeProfiles = '{}', propertySourceLocations = '{}', propertySourceProperties = '{org.springframework.boot.test.context.SpringBootTestContextBootstrapper=true}', contextCustomizers = set[org.springframework.boot.test.autoconfigure.properties.PropertyMappingContextCustomizer@0, org.springframework.boot.test.autoconfigure.web.servlet.WebDriverContextCustomizerFactory$Customizer@5555d9e6, org.springframework.boot.test.context.SpringBootTestContextCustomizer@10b90a59, org.springframework.boot.test.context.filter.ExcludeFilterContextCustomizer@5ca0cf53, org.springframework.boot.test.json.DuplicateJsonObjectContextCustomizerFactory$DuplicateJsonObjectContextCustomizer@3c71d2a6, org.springframework.boot.test.mock.mockito.MockitoContextCustomizer@0], resourceBasePath = 'src/main/webapp', contextLoader = 'org.springframework.boot.test.context.SpringBootContextLoader', parent = [null]]], class annotated with @DirtiesContext [false] with mode [null].
16:28:03.743 [Test worker] DEBUG org.springframework.test.annotation.ProfileValueUtils - Retrieved @ProfileValueSourceConfiguration [null] for test class [com.crud.tasks.TasksApplicationTests]
16:28:03.743 [Test worker] DEBUG org.springframework.test.annotation.ProfileValueUtils - Retrieved ProfileValueSource type [class org.springframework.test.annotation.SystemProfileValueSource] for class [com.crud.tasks.TasksApplicationTests]
16:28:03.837 [Test worker] DEBUG org.springframework.core.env.StandardEnvironment - Adding PropertySource 'systemProperties' with lowest search precedence
16:28:03.837 [Test worker] DEBUG org.springframework.core.env.StandardEnvironment - Adding PropertySource 'systemEnvironment' with lowest search precedence
16:28:03.837 [Test worker] DEBUG org.springframework.core.env.StandardEnvironment - Initialized StandardEnvironment with PropertySources [MapPropertySource@668624418 {name='systemProperties', properties={java.runtime.name=Java(TM) SE Runtime Environment, sun.boot.library.path=C:\Program Files\Java\jdk1.8.0_151\jre\bin, java.vm.version=25.151-b12, java.vm.vendor=Oracle Corporation, java.vendor.url=http://java.oracle.com/, path.separator=;, java.vm.name=Java HotSpot(TM) 64-Bit Server VM, file.encoding.pkg=sun.io, user.script=, sun.java.launcher=SUN_STANDARD, user.country=GB, sun.os.patch.level=, java.vm.specification.name=Java Virtual Machine Specification, user.dir=D:\programowanie\tasks, java.runtime.version=1.8.0_151-b12, java.awt.graphicsenv=sun.awt.Win32GraphicsEnvironment, java.endorsed.dirs=C:\Program Files\Java\jdk1.8.0_151\jre\lib\endorsed, os.arch=amd64, java.io.tmpdir=C:\Users\HOMELA~1\AppData\Local\Temp\, line.separator=
, java.vm.specification.vendor=Oracle Corporation, user.variant=, os.name=Windows 10, sun.jnu.encoding=Cp1252, java.library.path=C:\Program Files\Java\jdk1.8.0_151\bin;C:\WINDOWS\Sun\Java\bin;C:\WINDOWS\system32;C:\WINDOWS;C:\Program Files\Git\mingw64\bin;C:\Program Files\Git\usr\bin;C:\Users\HomeLaptop\bin;C:\Program Files\Java\jdk1.8.0_151\bin;C:\ProgramData\Oracle\Java\javapath;C:\Program Files (x86)\Intel\iCLS Client;C:\Program Files\Intel\iCLS Client;C:\WINDOWS\system32;C:\WINDOWS;C:\WINDOWS\System32\Wbem;C:\WINDOWS\System32\WindowsPowerShell\v1.0;C:\Program Files (x86)\Intel\Intel(R) Management Engine Components\DAL;C:\Program Files\Intel\Intel(R) Management Engine Components\DAL;C:\Program Files (x86)\Intel\Intel(R) Management Engine Components\IPT;C:\Program Files\Intel\Intel(R) Management Engine Components\IPT;C:\Program Files\Git\cmd;C:\Program Files\Git\mingw64\bin;C:\Program Files\Git\usr\bin;C:\gradle-4.3.1\bin;C:\Program Files\MySQL\MySQL Utilities 1.6;C:\Users\HomeLaptop\AppData\Local\Microsoft\WindowsApps;C:\Users\HomeLaptop\AppData\Local\atom\bin;C:\Users\HomeLaptop\AppData\Local\Microsoft\WindowsApps;C:\Program Files\Heroku\bin;., java.specification.name=Java Platform API Specification, java.class.version=52.0, org.gradle.native=false, sun.management.compiler=HotSpot 64-Bit Tiered Compilers, os.version=10.0, user.home=C:\Users\HomeLaptop, user.timezone=Europe/London, java.awt.printerjob=sun.awt.windows.WPrinterJob, file.encoding=windows-1252, java.specification.version=1.8, java.class.path=D:\programowanie\tasks\build\classes\java\test;D:\programowanie\tasks\build\resources\test;D:\programowanie\tasks\build\classes\java\main;D:\programowanie\tasks\build\resources\main;C:\Users\HomeLaptop\.gradle\caches\modules-2\files-2.1\org.springframework.boot\spring-boot-starter-web\1.5.10.RELEASE\8bc445f3ee81e5322e46b28cbb33bca1800b69d9\spring-boot-starter-web-1.5.10.RELEASE.jar;C:\Users\HomeLaptop\.gradle\caches\modules-2\files-2.1\org.projectlombok\lombok\1.16.20\ac76d9b956045631d1561a09289cbf472e077c01\lombok-1.16.20.jar;C:\Users\HomeLaptop\.gradle\caches\modules-2\files-2.1\org.springframework.boot\spring-boot-starter-data-jpa\1.5.10.RELEASE\ca30f9060231d3161d325580098d326754a2f4e1\spring-boot-starter-data-jpa-1.5.10.RELEASE.jar;C:\Users\HomeLaptop\.gradle\caches\modules-2\files-2.1\mysql\mysql-connector-java\5.1.45\ee64ec436a87c35362176ea300d69c912d1cbeac\mysql-connector-java-5.1.45.jar;C:\Users\HomeLaptop\.gradle\caches\modules-2\files-2.1\org.springframework.boot\spring-boot-starter-test\1.5.10.RELEASE\d4e1be51061d71b55f4bd4458d8437d1b943a70\spring-boot-starter-test-1.5.10.RELEASE.jar;C:\Users\HomeLaptop\.gradle\caches\modules-2\files-2.1\org.springframework.boot\spring-boot-starter-aop\1.5.10.RELEASE\2e58fd451d9e89a539a2c15efc5089d81dd7a686\spring-boot-starter-aop-1.5.10.RELEASE.jar;C:\Users\HomeLaptop\.gradle\caches\modules-2\files-2.1\org.springframework.boot\spring-boot-starter-jdbc\1.5.10.RELEASE\f78396b57f70a0ca8422bcbe8959aa49baf49023\spring-boot-starter-jdbc-1.5.10.RELEASE.jar;C:\Users\HomeLaptop\.gradle\caches\modules-2\files-2.1\org.springframework.boot\spring-boot-starter\1.5.10.RELEASE\d935ac98f84c1d97d7ccd702d21abdc236fa7aa0\spring-boot-starter-1.5.10.RELEASE.jar;C:\Users\HomeLaptop\.gradle\caches\modules-2\files-2.1\org.springframework.boot\spring-boot-starter-tomcat\1.5.10.RELEASE\11e474e265f1c68fc435dddbac42ab3574b5e4b6\spring-boot-starter-tomcat-1.5.10.RELEASE.jar;C:\Users\HomeLaptop\.gradle\caches\modules-2\files-2.1\org.hibernate\hibernate-validator\5.3.6.Final\4c730be8bf55a8e9a61e79a2f2c079abf48b718\hibernate-validator-5.3.6.Final.jar;C:\Users\HomeLaptop\.gradle\caches\modules-2\files-2.1\com.fasterxml.jackson.core\jackson-databind\2.8.10\f7b83cb2bc4b88d53961e749e1ad32f49ef017b7\jackson-databind-2.8.10.jar;C:\Users\HomeLaptop\.gradle\caches\modules-2\files-2.1\org.springframework\spring-webmvc\4.3.14.RELEASE\1571eab8a807005d424ca16fedd54b1f439787b2\spring-webmvc-4.3.14.RELEASE.jar;C:\Users\HomeLaptop\.gradle\caches\modules-2\files-2.1\org.springframework\spring-web\4.3.14.RELEASE\a0c3bf3ad661db185675bd5af350f35ed11f0903\spring-web-4.3.14.RELEASE.jar;C:\Users\HomeLaptop\.gradle\caches\modules-2\files-2.1\org.hibernate\hibernate-entitymanager\5.0.12.Final\302a526f5058290e9cbd719a5caf9f248d344719\hibernate-entitymanager-5.0.12.Final.jar;C:\Users\HomeLaptop\.gradle\caches\modules-2\files-2.1\org.hibernate\hibernate-core\5.0.12.Final\e58bf1c660e6706d8e2cbb53bae110f574366102\hibernate-core-5.0.12.Final.jar;C:\Users\HomeLaptop\.gradle\caches\modules-2\files-2.1\javax.transaction\javax.transaction-api\1.2\d81aff979d603edd90dcd8db2abc1f4ce6479e3e\javax.transaction-api-1.2.jar;C:\Users\HomeLaptop\.gradle\caches\modules-2\files-2.1\org.springframework.data\spring-data-jpa\1.11.10.RELEASE\82ec646adc5d33b7b1d8f52e90c0ea030f0888ca\spring-data-jpa-1.11.10.RELEASE.jar;C:\Users\HomeLaptop\.gradle\caches\modules-2\files-2.1\org.springframework\spring-aspects\4.3.14.RELEASE\e2d10895e7142dd4c5e979407fe4539146429618\spring-aspects-4.3.14.RELEASE.jar;C:\Users\HomeLaptop\.gradle\caches\modules-2\files-2.1\org.springframework.boot\spring-boot-test-autoconfigure\1.5.10.RELEASE\55242f7c194fb141de8460a92e92b716469fc3a8\spring-boot-test-autoconfigure-1.5.10.RELEASE.jar;C:\Users\HomeLaptop\.gradle\caches\modules-2\files-2.1\org.springframework.boot\spring-boot-test\1.5.10.RELEASE\b7f28e8896906f0bbbb951727a7c5581c562d1c9\spring-boot-test-1.5.10.RELEASE.jar;C:\Users\HomeLaptop\.gradle\caches\modules-2\files-2.1\com.jayway.jsonpath\json-path\2.2.0\22290d17944bd239fabf5ac69005a60a7ecbbbcb\json-path-2.2.0.jar;C:\Users\HomeLaptop\.gradle\caches\modules-2\files-2.1\junit\junit\4.12\2973d150c0dc1fefe998f834810d68f278ea58ec\junit-4.12.jar;C:\Users\HomeLaptop\.gradle\caches\modules-2\files-2.1\org.assertj\assertj-core\2.6.0\b532c3fc4f66bcfee4989a3514f1cd56203a33ad\assertj-core-2.6.0.jar;C:\Users\HomeLaptop\.gradle\caches\modules-2\files-2.1\org.mockito\mockito-core\1.10.19\e8546f5bef4e061d8dd73895b4e8f40e3fe6effe\mockito-core-1.10.19.jar;C:\Users\HomeLaptop\.gradle\caches\modules-2\files-2.1\org.hamcrest\hamcrest-library\1.3\4785a3c21320980282f9f33d0d1264a69040538f\hamcrest-library-1.3.jar;C:\Users\HomeLaptop\.gradle\caches\modules-2\files-2.1\org.hamcrest\hamcrest-core\1.3\42a25dc3219429f0e5d060061f71acb49bf010a0\hamcrest-core-1.3.jar;C:\Users\HomeLaptop\.gradle\caches\modules-2\files-2.1\org.skyscreamer\jsonassert\1.4.0\9cdbb373a06f6513e51e8c545ee6a5e981463edb\jsonassert-1.4.0.jar;C:\Users\HomeLaptop\.gradle\caches\modules-2\files-2.1\org.springframework\spring-test\4.3.14.RELEASE\1a7f6f51a263a3e09e94403653348b3864412c53\spring-test-4.3.14.RELEASE.jar;C:\Users\HomeLaptop\.gradle\caches\modules-2\files-2.1\org.springframework.boot\spring-boot-autoconfigure\1.5.10.RELEASE\be96efab0d35181f18c486b0ec8d6a41a7042fce\spring-boot-autoconfigure-1.5.10.RELEASE.jar;C:\Users\HomeLaptop\.gradle\caches\modules-2\files-2.1\org.springframework.boot\spring-boot\1.5.10.RELEASE\594b3efa04829f62754a19f59f81ba204636167a\spring-boot-1.5.10.RELEASE.jar;C:\Users\HomeLaptop\.gradle\caches\modules-2\files-2.1\org.springframework\spring-context\4.3.14.RELEASE\e50a712960926c30e537ef4a633f5d9dd5a8b155\spring-context-4.3.14.RELEASE.jar;C:\Users\HomeLaptop\.gradle\caches\modules-2\files-2.1\org.springframework\spring-expression\4.3.14.RELEASE\58477b44debcb49b09e962e3047ee74c2c033e89\spring-expression-4.3.14.RELEASE.jar;C:\Users\HomeLaptop\.gradle\caches\modules-2\files-2.1\org.springframework\spring-orm\4.3.14.RELEASE\721bc451d02070954ebee039d419b410c4697fcb\spring-orm-4.3.14.RELEASE.jar;C:\Users\HomeLaptop\.gradle\caches\modules-2\files-2.1\org.springframework\spring-jdbc\4.3.14.RELEASE\1b1b9045d9ec1e067d99bf158210e9e7cf2ebfd2\spring-jdbc-4.3.14.RELEASE.jar;C:\Users\HomeLaptop\.gradle\caches\modules-2\files-2.1\org.springframework.data\spring-data-commons\1.13.10.RELEASE\b732245a0902b561b0c33e54cd0f382e9ac444ed\spring-data-commons-1.13.10.RELEASE.jar;C:\Users\HomeLaptop\.gradle\caches\modules-2\files-2.1\org.springframework\spring-tx\4.3.14.RELEASE\1c9449fcb805837db3c706eab4c729f89688a267\spring-tx-4.3.14.RELEASE.jar;C:\Users\HomeLaptop\.gradle\caches\modules-2\files-2.1\org.springframework\spring-aop\4.3.14.RELEASE\dfe55b0592aead8e3eb0e6a4e98db433b9e09bd7\spring-aop-4.3.14.RELEASE.jar;C:\Users\HomeLaptop\.gradle\caches\modules-2\files-2.1\org.springframework\spring-beans\4.3.14.RELEASE\7bcd17a68dd64e9447d7bff2c42ba7417678596e\spring-beans-4.3.14.RELEASE.jar;C:\Users\HomeLaptop\.gradle\caches\modules-2\files-2.1\org.springframework\spring-core\4.3.14.RELEASE\c70ddb6204457a802d1f6882d65bca3e5b3c41df\spring-core-4.3.14.RELEASE.jar;C:\Users\HomeLaptop\.gradle\caches\modules-2\files-2.1\org.springframework.boot\spring-boot-starter-logging\1.5.10.RELEASE\62c73688208b3173645d6701fc3eb95ca657e6c8\spring-boot-starter-logging-1.5.10.RELEASE.jar;C:\Users\HomeLaptop\.gradle\caches\modules-2\files-2.1\org.yaml\snakeyaml\1.17\7a27ea250c5130b2922b86dea63cbb1cc10a660c\snakeyaml-1.17.jar;C:\Users\HomeLaptop\.gradle\caches\modules-2\files-2.1\org.apache.tomcat.embed\tomcat-embed-websocket\8.5.27\3cba1c5187a17b0233de5712024d6e144036ba9a\tomcat-embed-websocket-8.5.27.jar;C:\Users\HomeLaptop\.gradle\caches\modules-2\files-2.1\org.apache.tomcat.embed\tomcat-embed-core\8.5.27\a10612f0af27c7bfcc4e8d88393adad1fc5b4ece\tomcat-embed-core-8.5.27.jar;C:\Users\HomeLaptop\.gradle\caches\modules-2\files-2.1\org.apache.tomcat.embed\tomcat-embed-el\8.5.27\5a591bcf5c930d2b37bb40c0f95180604a3b1a57\tomcat-embed-el-8.5.27.jar;C:\Users\HomeLaptop\.gradle\caches\modules-2\files-2.1\javax.validation\validation-api\1.1.0.Final\8613ae82954779d518631e05daa73a6a954817d5\validation-api-1.1.0.Final.jar;C:\Users\HomeLaptop\.gradle\caches\modules-2\files-2.1\org.hibernate.common\hibernate-commons-annotations\5.0.1.Final\71e1cff3fcb20d3b3af4f3363c3ddb24d33c6879\hibernate-commons-annotations-5.0.1.Final.jar;C:\Users\HomeLaptop\.gradle\caches\modules-2\files-2.1\org.jboss.logging\jboss-logging\3.3.1.Final\c46217ab74b532568c0ed31dc599db3048bd1b67\jboss-logging-3.3.1.Final.jar;C:\Users\HomeLaptop\.gradle\caches\modules-2\files-2.1\com.fasterxml\classmate\1.3.4\3d5f48f10bbe4eb7bd862f10c0583be2e0053c6\classmate-1.3.4.jar;C:\Users\HomeLaptop\.gradle\caches\modules-2\files-2.1\com.fasterxml.jackson.core\jackson-annotations\2.8.0\45b426f7796b741035581a176744d91090e2e6fb\jackson-annotations-2.8.0.jar;C:\Users\HomeLaptop\.gradle\caches\modules-2\files-2.1\com.fasterxml.jackson.core\jackson-core\2.8.10\eb21a035c66ad307e66ec8fce37f5d50fd62d039\jackson-core-2.8.10.jar;C:\Users\HomeLaptop\.gradle\caches\modules-2\files-2.1\org.aspectj\aspectjweaver\1.8.13\ad94df2a28d658a40dc27bbaff6a1ce5fbf04e9b\aspectjweaver-1.8.13.jar;C:\Users\HomeLaptop\.gradle\caches\modules-2\files-2.1\org.apache.tomcat\tomcat-jdbc\8.5.27\f37dfae9e9afb6b2742e04a401e32264c5fec0ec\tomcat-jdbc-8.5.27.jar;C:\Users\HomeLaptop\.gradle\caches\modules-2\files-2.1\org.hibernate.javax.persistence\hibernate-jpa-2.1-api\1.0.0.Final\5e731d961297e5a07290bfaf3db1fbc8bbbf405a\hibernate-jpa-2.1-api-1.0.0.Final.jar;C:\Users\HomeLaptop\.gradle\caches\modules-2\files-2.1\org.javassist\javassist\3.21.0-GA\598244f595db5c5fb713731eddbb1c91a58d959b\javassist-3.21.0-GA.jar;C:\Users\HomeLaptop\.gradle\caches\modules-2\files-2.1\antlr\antlr\2.7.7\83cd2cd674a217ade95a4bb83a8a14f351f48bd0\antlr-2.7.7.jar;C:\Users\HomeLaptop\.gradle\caches\modules-2\files-2.1\org.jboss\jandex\2.0.0.Final\3e899258936f94649c777193e1be846387ed54b3\jandex-2.0.0.Final.jar;C:\Users\HomeLaptop\.gradle\caches\modules-2\files-2.1\dom4j\dom4j\1.6.1\5d3ccc056b6f056dbf0dddfdf43894b9065a8f94\dom4j-1.6.1.jar;C:\Users\HomeLaptop\.gradle\caches\modules-2\files-2.1\org.slf4j\jcl-over-slf4j\1.7.25\f8c32b13ff142a513eeb5b6330b1588dcb2c0461\jcl-over-slf4j-1.7.25.jar;C:\Users\HomeLaptop\.gradle\caches\modules-2\files-2.1\ch.qos.logback\logback-classic\1.1.11\ccedfbacef4a6515d2983e3f89ed753d5d4fb665\logback-classic-1.1.11.jar;C:\Users\HomeLaptop\.gradle\caches\modules-2\files-2.1\org.slf4j\jul-to-slf4j\1.7.25\af5364cd6679bfffb114f0dec8a157aaa283b76\jul-to-slf4j-1.7.25.jar;C:\Users\HomeLaptop\.gradle\caches\modules-2\files-2.1\org.slf4j\log4j-over-slf4j\1.7.25\a87bb47468f47ee7aabbd54f93e133d4215769c3\log4j-over-slf4j-1.7.25.jar;C:\Users\HomeLaptop\.gradle\caches\modules-2\files-2.1\org.slf4j\slf4j-api\1.7.25\da76ca59f6a57ee3102f8f9bd9cee742973efa8a\slf4j-api-1.7.25.jar;C:\Users\HomeLaptop\.gradle\caches\modules-2\files-2.1\net.minidev\json-smart\2.2.1\5b9e5df7a62d1279b70dc882b041d249c4f0b002\json-smart-2.2.1.jar;C:\Users\HomeLaptop\.gradle\caches\modules-2\files-2.1\org.objenesis\objenesis\2.1\87c0ea803b69252868d09308b4618f766f135a96\objenesis-2.1.jar;C:\Users\HomeLaptop\.gradle\caches\modules-2\files-2.1\com.vaadin.external.google\android-json\0.0.20131108.vaadin1\fa26d351fe62a6a17f5cda1287c1c6110dec413f\android-json-0.0.20131108.vaadin1.jar;C:\Users\HomeLaptop\.gradle\caches\modules-2\files-2.1\org.apache.tomcat\tomcat-annotations-api\8.5.27\122c0a4acaba72bf4590e83c9fbcb3475c46edc5\tomcat-annotations-api-8.5.27.jar;C:\Users\HomeLaptop\.gradle\caches\modules-2\files-2.1\org.apache.tomcat\tomcat-juli\8.5.27\583a08f2f59c6abdd86833b572b9a2f55e61a0f2\tomcat-juli-8.5.27.jar;C:\Users\HomeLaptop\.gradle\caches\modules-2\files-2.1\net.minidev\accessors-smart\1.1\a527213f2fea112a04c9bdf0ec0264e34104cd08\accessors-smart-1.1.jar;C:\Users\HomeLaptop\.gradle\caches\modules-2\files-2.1\ch.qos.logback\logback-core\1.1.11\88b8df40340eed549fb07e2613879bf6b006704d\logback-core-1.1.11.jar;C:\Users\HomeLaptop\.gradle\caches\modules-2\files-2.1\org.ow2.asm\asm\5.0.3\dcc2193db20e19e1feca8b1240dbbc4e190824fa\asm-5.0.3.jar, user.name=HomeLaptop, java.vm.specification.version=1.8, sun.java.command=worker.org.gradle.process.internal.worker.GradleWorkerMain 'Gradle Test Executor 2', java.home=C:\Program Files\Java\jdk1.8.0_151\jre, sun.arch.data.model=64, user.language=en, java.specification.vendor=Oracle Corporation, awt.toolkit=sun.awt.windows.WToolkit, java.vm.info=mixed mode, java.version=1.8.0_151, java.ext.dirs=C:\Program Files\Java\jdk1.8.0_151\jre\lib\ext;C:\WINDOWS\Sun\Java\lib\ext, sun.boot.class.path=C:\Program Files\Java\jdk1.8.0_151\jre\lib\resources.jar;C:\Program Files\Java\jdk1.8.0_151\jre\lib\rt.jar;C:\Program Files\Java\jdk1.8.0_151\jre\lib\sunrsasign.jar;C:\Program Files\Java\jdk1.8.0_151\jre\lib\jsse.jar;C:\Program Files\Java\jdk1.8.0_151\jre\lib\jce.jar;C:\Program Files\Java\jdk1.8.0_151\jre\lib\charsets.jar;C:\Program Files\Java\jdk1.8.0_151\jre\lib\jfr.jar;C:\Program Files\Java\jdk1.8.0_151\jre\classes, java.vendor=Oracle Corporation, org.gradle.test.worker=2, file.separator=\, java.vendor.url.bug=http://bugreport.sun.com/bugreport/, sun.io.unicode.encoding=UnicodeLittle, sun.cpu.endian=little, sun.desktop=windows, sun.cpu.isalist=amd64}}, SystemEnvironmentPropertySource@1431476158 {name='systemEnvironment', properties={PATH=C:\Program Files\Git\mingw64\bin;C:\Program Files\Git\usr\bin;C:\Users\HomeLaptop\bin;C:\Program Files\Java\jdk1.8.0_151\bin;C:\ProgramData\Oracle\Java\javapath;C:\Program Files (x86)\Intel\iCLS Client;C:\Program Files\Intel\iCLS Client;C:\WINDOWS\system32;C:\WINDOWS;C:\WINDOWS\System32\Wbem;C:\WINDOWS\System32\WindowsPowerShell\v1.0;C:\Program Files (x86)\Intel\Intel(R) Management Engine Components\DAL;C:\Program Files\Intel\Intel(R) Management Engine Components\DAL;C:\Program Files (x86)\Intel\Intel(R) Management Engine Components\IPT;C:\Program Files\Intel\Intel(R) Management Engine Components\IPT;C:\Program Files\Git\cmd;C:\Program Files\Git\mingw64\bin;C:\Program Files\Git\usr\bin;C:\gradle-4.3.1\bin;C:\Program Files\MySQL\MySQL Utilities 1.6;C:\Users\HomeLaptop\AppData\Local\Microsoft\WindowsApps;C:\Users\HomeLaptop\AppData\Local\atom\bin;C:\Users\HomeLaptop\AppData\Local\Microsoft\WindowsApps;C:\Program Files\Heroku\bin, USERDOMAIN_ROAMINGPROFILE=DESKTOP-B48HBRR, LOCALAPPDATA=C:\Users\HomeLaptop\AppData\Local, PROCESSOR_LEVEL=6, SYSTEMDRIVE=C:, USERDOMAIN=DESKTOP-B48HBRR, LOGONSERVER=\\DESKTOP-B48HBRR, JAVA_HOME=C:\Program Files\Java\jdk1.8.0_151, PLINK_PROTOCOL=ssh, SESSIONNAME=Console, ALLUSERSPROFILE=C:\ProgramData, TERM=cygwin, PROCESSOR_ARCHITECTURE=AMD64, PSModulePath=C:\WINDOWS\system32\WindowsPowerShell\v1.0\Modules\, MSYSTEM=MINGW64, OneDrive=C:\Users\HomeLaptop\OneDrive, PROGRAMFILES=C:\Program Files, APPDATA=C:\Users\HomeLaptop\AppData\Roaming, SYSTEMROOT=C:\WINDOWS, USERNAME=HomeLaptop, PWD=D:/programowanie/tasks, ProgramFiles(x86)=C:\Program Files (x86), PATHEXT=.COM;.EXE;.BAT;.CMD;.VBS;.VBE;.JS;.JSE;.WSF;.WSH;.MSC, OS=Windows_NT, COMPUTERNAME=DESKTOP-B48HBRR, COMMONPROGRAMFILES=C:\Program Files\Common Files, COMSPEC=C:\WINDOWS\system32\cmd.exe, CATALINA_HOME=C:\tomcat\apache-tomcat-9.0.5, OLDPWD=C:/gradle-4.3.1, PROCESSOR_REVISION=3a09, CommonProgramW6432=C:\Program Files\Common Files, WINDIR=C:\WINDOWS, ProgramData=C:\ProgramData, ProgramW6432=C:\Program Files, HOMEPATH=\Users\HomeLaptop, TEMP=C:\Users\HOMELA~1\AppData\Local\Temp, HOMEDRIVE=C:, PROCESSOR_IDENTIFIER=Intel64 Family 6 Model 58 Stepping 9, GenuineIntel, USERPROFILE=C:\Users\HomeLaptop, TMP=C:\Users\HOMELA~1\AppData\Local\Temp, CommonProgramFiles(x86)=C:\Program Files (x86)\Common Files, PUBLIC=C:\Users\Public, NUMBER_OF_PROCESSORS=4, =::=::\, EXEPATH=C:\Program Files\Git\bin, HOME=C:\Users\HomeLaptop, SHLVL=1}}]
16:28:03.837 [Test worker] DEBUG org.springframework.core.env.MutablePropertySources - Adding PropertySource 'inline' with highest search precedence
16:28:03.853 [Test worker] DEBUG org.springframework.test.context.support.TestPropertySourceUtils - Adding inlined properties to environment: {spring.jmx.enabled=false, org.springframework.boot.test.context.SpringBootTestContextBootstrapper=true, server.port=-1}
16:28:03.853 [Test worker] DEBUG org.springframework.core.env.StandardEnvironment - Adding PropertySource 'Inlined Test Properties' with highest search precedence

  .   ____          _            __ _ _
 /\\ / ___'_ __ _ _(_)_ __  __ _ \ \ \ \
( ( )\___ | '_ | '_| | '_ \/ _` | \ \ \ \
 \\/  ___)| |_)| | | | | || (_| |  ) ) ) )
  '  |____| .__|_| |_|_| |_\__, | / / / /
 =========|_|==============|___/=/_/_/_/
 :: Spring Boot ::       (v1.5.10.RELEASE)

2018-04-21 16:28:04.228  INFO 3192 --- [    Test worker] com.crud.tasks.TasksApplicationTests     : Starting TasksApplicationTests on DESKTOP-B48HBRR with PID 3192 (started by HomeLaptop in D:\programowanie\tasks)
2018-04-21 16:28:04.228  INFO 3192 --- [    Test worker] com.crud.tasks.TasksApplicationTests     : No active profile set, falling back to default profiles: default
2018-04-21 16:28:04.290  INFO 3192 --- [    Test worker] o.s.w.c.s.GenericWebApplicationContext   : Refreshing org.springframework.web.context.support.GenericWebApplicationContext@5665b978: startup date [Sat Apr 21 16:28:04 BST 2018]; root of context hierarchy
2018-04-21 16:28:06.056  INFO 3192 --- [    Test worker] trationDelegate$BeanPostProcessorChecker : Bean 'org.springframework.transaction.annotation.ProxyTransactionManagementConfiguration' of type [org.springframework.transaction.annotation.ProxyTransactionManagementConfiguration$$EnhancerBySpringCGLIB$$eb4ec5cb] is not eligible for getting processed by all BeanPostProcessors (for example: not eligible for auto-proxying)
2018-04-21 16:28:06.712  INFO 3192 --- [    Test worker] j.LocalContainerEntityManagerFactoryBean : Building JPA container EntityManagerFactory for persistence unit 'default'
2018-04-21 16:28:06.744  INFO 3192 --- [    Test worker] o.hibernate.jpa.internal.util.LogHelper  : HHH000204: Processing PersistenceUnitInfo [
	name: default
	...]
2018-04-21 16:28:06.837  INFO 3192 --- [    Test worker] org.hibernate.Version                    : HHH000412: Hibernate Core {5.0.12.Final}
2018-04-21 16:28:06.837  INFO 3192 --- [    Test worker] org.hibernate.cfg.Environment            : HHH000206: hibernate.properties not found
2018-04-21 16:28:06.837  INFO 3192 --- [    Test worker] org.hibernate.cfg.Environment            : HHH000021: Bytecode provider name : javassist
2018-04-21 16:28:06.900  INFO 3192 --- [    Test worker] o.hibernate.annotations.common.Version   : HCANN000001: Hibernate Commons Annotations {5.0.1.Final}
2018-04-21 16:28:07.509  INFO 3192 --- [    Test worker] org.hibernate.dialect.Dialect            : HHH000400: Using dialect: org.hibernate.dialect.MySQL5Dialect
2018-04-21 16:28:08.072  INFO 3192 --- [    Test worker] org.hibernate.tool.hbm2ddl.SchemaUpdate  : HHH000228: Running hbm2ddl schema update
2018-04-21 16:28:08.165  INFO 3192 --- [    Test worker] j.LocalContainerEntityManagerFactoryBean : Initialized JPA EntityManagerFactory for persistence unit 'default'
2018-04-21 16:28:09.369  INFO 3192 --- [    Test worker] s.w.s.m.m.a.RequestMappingHandlerAdapter : Looking for @ControllerAdvice: org.springframework.web.context.support.GenericWebApplicationContext@5665b978: startup date [Sat Apr 21 16:28:04 BST 2018]; root of context hierarchy
2018-04-21 16:28:09.509  INFO 3192 --- [    Test worker] s.w.s.m.m.a.RequestMappingHandlerMapping : Mapped "{[/v1/task/getTask],methods=[GET]}" onto public com.crud.tasks.domain.TaskDto com.crud.tasks.controller.TaskController.getTask(java.lang.Long) throws com.crud.tasks.controller.TaskNotFoundException
2018-04-21 16:28:09.509  INFO 3192 --- [    Test worker] s.w.s.m.m.a.RequestMappingHandlerMapping : Mapped "{[/v1/task/deleteTask],methods=[DELETE]}" onto public void com.crud.tasks.controller.TaskController.deleteTask(java.lang.Long)
2018-04-21 16:28:09.509  INFO 3192 --- [    Test worker] s.w.s.m.m.a.RequestMappingHandlerMapping : Mapped "{[/v1/task/updateTask],methods=[PUT]}" onto public com.crud.tasks.domain.TaskDto com.crud.tasks.controller.TaskController.updateTask(com.crud.tasks.domain.TaskDto)
2018-04-21 16:28:09.509  INFO 3192 --- [    Test worker] s.w.s.m.m.a.RequestMappingHandlerMapping : Mapped "{[/v1/task/getTasks],methods=[GET]}" onto public java.util.List<com.crud.tasks.domain.TaskDto> com.crud.tasks.controller.TaskController.getTasks()
2018-04-21 16:28:09.509  INFO 3192 --- [    Test worker] s.w.s.m.m.a.RequestMappingHandlerMapping : Mapped "{[/v1/task/createTask],methods=[POST],consumes=[application/json]}" onto public void com.crud.tasks.controller.TaskController.createTask(com.crud.tasks.domain.TaskDto)
2018-04-21 16:28:09.509  INFO 3192 --- [    Test worker] s.w.s.m.m.a.RequestMappingHandlerMapping : Mapped "{[/v1/trello/createTrelloCard],methods=[POST]}" onto public com.crud.tasks.domain.createdTrelloCard.CreatedTrelloCard com.crud.tasks.controller.TrelloController.createTrelloCard(com.crud.tasks.domain.TrelloCardDto)
2018-04-21 16:28:09.509  INFO 3192 --- [    Test worker] s.w.s.m.m.a.RequestMappingHandlerMapping : Mapped "{[/v1/trello/getTrelloBoards],methods=[GET]}" onto public java.util.List<com.crud.tasks.domain.TrelloBoardDto> com.crud.tasks.controller.TrelloController.getTrelloBoards()
2018-04-21 16:28:09.525  INFO 3192 --- [    Test worker] s.w.s.m.m.a.RequestMappingHandlerMapping : Mapped "{[/error]}" onto public org.springframework.http.ResponseEntity<java.util.Map<java.lang.String, java.lang.Object>> org.springframework.boot.autoconfigure.web.BasicErrorController.error(javax.servlet.http.HttpServletRequest)
2018-04-21 16:28:09.525  INFO 3192 --- [    Test worker] s.w.s.m.m.a.RequestMappingHandlerMapping : Mapped "{[/error],produces=[text/html]}" onto public org.springframework.web.servlet.ModelAndView org.springframework.boot.autoconfigure.web.BasicErrorController.errorHtml(javax.servlet.http.HttpServletRequest,javax.servlet.http.HttpServletResponse)
2018-04-21 16:28:09.587  INFO 3192 --- [    Test worker] o.s.w.s.handler.SimpleUrlHandlerMapping  : Mapped URL path [/webjars/**] onto handler of type [class org.springframework.web.servlet.resource.ResourceHttpRequestHandler]
2018-04-21 16:28:09.587  INFO 3192 --- [    Test worker] o.s.w.s.handler.SimpleUrlHandlerMapping  : Mapped URL path [/**] onto handler of type [class org.springframework.web.servlet.resource.ResourceHttpRequestHandler]
2018-04-21 16:28:09.666  INFO 3192 --- [    Test worker] o.s.w.s.handler.SimpleUrlHandlerMapping  : Mapped URL path [/**/favicon.ico] onto handler of type [class org.springframework.web.servlet.resource.ResourceHttpRequestHandler]
2018-04-21 16:28:10.134  INFO 3192 --- [    Test worker] com.crud.tasks.TasksApplicationTests     : Started TasksApplicationTests in 6.266 seconds (JVM running for 7.413)
]]></system-out>
  <system-err><![CDATA[]]></system-err>
</testsuite>
